INFO: [VRFC 10-2263] Analyzing Verilog file "/home/luca/Scrivania/ES_Project/FPU_fast/FPU_fast.sim/sim_1/synth/func/xsim/tb_i2f_func_synth.v" into library xil_defaultlib
INFO: [VRFC 10-311] analyzing module pfpu32_mul_fast
INFO: [VRFC 10-311] analyzing module pfpu32_mul_partD
INFO: [VRFC 10-311] analyzing module pfpu32_mul_rnd
INFO: [VRFC 10-311] analyzing module glbl
INFO: [VRFC 10-2263] Analyzing Verilog file "/home/luca/Scrivania/ES_Project/FPU_fast/FPU_fast.srcs/sources_1/imports/pfpu32/i2fEF.v" into library xil_defaultlib
INFO: [VRFC 10-311] analyzing module i2fEF
INFO: [VRFC 10-2263] Analyzing Verilog file "/home/luca/Scrivania/ES_Project/FPU_fast/FPU_fast.srcs/sources_1/imports/pfpu32/pfpu32_addsub_fast.v" into library xil_defaultlib
INFO: [VRFC 10-311] analyzing module pfpu32_addsub_fast
INFO: [VRFC 10-2263] Analyzing Verilog file "/home/luca/Scrivania/ES_Project/FPU_fast/FPU_fast.srcs/sources_1/imports/pfpu32/pfpu32_cmp.v" into library xil_defaultlib
INFO: [VRFC 10-311] analyzing module pfpu32_fcmp
INFO: [VRFC 10-2263] Analyzing Verilog file "/home/luca/Scrivania/ES_Project/FPU_fast/FPU_fast.srcs/sources_1/imports/pfpu32/pfpu32_f2i.v" into library xil_defaultlib
INFO: [VRFC 10-311] analyzing module pfpu32_f2i
INFO: [VRFC 10-2263] Analyzing Verilog file "/home/luca/Scrivania/ES_Project/FPU_fast/FPU_fast.srcs/sources_1/imports/pfpu32/pfpu32_i2f_fast.v" into library xil_defaultlib
INFO: [VRFC 10-311] analyzing module pfpu32_i2f_fast
INFO: [VRFC 10-2263] Analyzing Verilog file "/home/luca/Scrivania/ES_Project/FPU_fast/FPU_fast.srcs/sources_1/imports/pfpu32/pfpu32_rnd.v" into library xil_defaultlib
INFO: [VRFC 10-311] analyzing module pfpu32_rnd
INFO: [VRFC 10-2263] Analyzing Verilog file "/home/luca/Scrivania/ES_Project/FPU_fast/FPU_fast.srcs/sources_1/imports/pfpu32/pfpu32_top_fast.v" into library xil_defaultlib
INFO: [VRFC 10-311] analyzing module pfpu32_top_fast
INFO: [VRFC 10-2263] Analyzing SystemVerilog file "/home/luca/Scrivania/ES_Project/FPU_fast/FPU_fast.srcs/sources_1/imports/pfpu32/tb_i2f.sv" into library xil_defaultlib
INFO: [VRFC 10-311] analyzing module tb_i2f
